* using log directory ‘/Users/asorokin/Documents/Projects/Kappa/R4Kappa/rkappa.Rcheck’
* using R version 2.14.1 (2011-12-22)
* using platform: x86_64-apple-darwin9.8.0 (64-bit)
* using session charset: UTF-8
* checking for file ‘rkappa/DESCRIPTION’ ... OK
* checking extension type ... Package
* this is package ‘rkappa’ version ‘1.0.120609’
* checking package namespace information ... OK
* checking package dependencies ... OK
* checking if this is a source package ... OK
* checking if there is a namespace ... OK
* checking for executable files ... OK
* checking whether package ‘rkappa’ can be installed ... WARNING
Found the following significant warnings:
  Warning: /Users/asorokin/Documents/Projects/Kappa/R4Kappa/rkappa/man/project.Rd:4: unknown macro '\it'
  Warning: /Users/asorokin/Documents/Projects/Kappa/R4Kappa/rkappa/man/project.Rd:6: unknown macro '\it'
See ‘/Users/asorokin/Documents/Projects/Kappa/R4Kappa/rkappa.Rcheck/00install.out’ for details.
* checking installed package size ... OK
* checking package directory ... OK
* checking for portable file names ... OK
* checking for sufficient/correct file permissions ... OK
* checking DESCRIPTION meta-information ... OK
* checking top-level files ... OK
* checking index information ... OK
* checking package subdirectories ... OK
* checking R files for non-ASCII characters ... OK
* checking R files for syntax errors ... OK
* checking whether the package can be loaded ... OK
* checking whether the package can be loaded with stated dependencies ... OK
* checking whether the package can be unloaded cleanly ... OK
* checking whether the namespace can be loaded with stated dependencies ... OK
* checking whether the namespace can be unloaded cleanly ... OK
* checking for unstated dependencies in R code ... OK
* checking S3 generic/method consistency ... WARNING
summary:
  function(object, ...)
summary.kproject:
  function(x, ...)

See section ‘Generic functions and methods’ of the ‘Writing R
Extensions’ manual.
* checking replacement functions ... OK
* checking foreign function calls ... OK
* checking R code for possible problems ... OK
* checking Rd files ... WARNING
prepare_Rd: project.Rd:4: unknown macro '\it'
prepare_Rd: project.Rd:6: unknown macro '\it'
prepare_Rd: project.Rd:60-62: Dropping empty section \details
prepare_Rd: project.Rd:63-65: Dropping empty section \source
prepare_Rd: project.Rd:66-68: Dropping empty section \references
* checking Rd metadata ... OK
* checking Rd cross-references ... OK
* checking for missing documentation entries ... OK
* checking for code/documentation mismatches ... OK
* checking Rd \usage sections ... OK
* checking Rd contents ... OK
* checking for unstated dependencies in examples ... OK
* checking contents of ‘data’ directory ... OK
* checking data for non-ASCII characters ... OK
* checking data for ASCII and uncompressed saves ... OK
* checking examples ... OK
* checking PDF version of manual ... OK
WARNING: There were 3 warnings, see
  ‘/Users/asorokin/Documents/Projects/Kappa/R4Kappa/rkappa.Rcheck/00check.log’
for details
